# JRE version: OpenJDK Runtime Environment Temurin-17.0.4.1+1 (17.0.4.1+1) (build 17.0.4.1+1)
# Java VM: OpenJDK 64-Bit Server VM Temurin-17.0.4.1+1 (17.0.4.1+1, mixed mode, tiered, compressed oops, compressed class ptrs, parallel gc, linux-amd64)
GC Precious Log:
 CPUs: 8 total, 8 available
 Memory: 12716M
 Large Page Support: Disabled
 NUMA Support: Disabled
 Compressed Oops: Enabled (32-bit)
 Alignments: Space 512K, Generation 512K, Heap 2M
 Heap Min Capacity: 100M
 Heap Initial Capacity: 100M
 Heap Max Capacity: 1G
 Pre-touch: Disabled
 Parallel Workers: 8
Heap:
 PSYoungGen      total 19968K, used 14896K [0x00000000eab00000, 0x00000000ec100000, 0x0000000100000000)
  eden space 18432K, 73% used [0x00000000eab00000,0x00000000eb830138,0x00000000ebd00000)
  from space 1536K, 90% used [0x00000000ebd00000,0x00000000ebe5c010,0x00000000ebe80000)
  to   space 2048K, 0% used [0x00000000ebf00000,0x00000000ebf00000,0x00000000ec100000)
 ParOldGen       total 68608K, used 25157K [0x00000000c0000000, 0x00000000c4300000, 0x00000000eab00000)
  object space 68608K, 36% used [0x00000000c0000000,0x00000000c18917b0,0x00000000c4300000)
 Metaspace       used 55668K, committed 56704K, reserved 1105920K
  class space    used 6124K, committed 6592K, reserved 1048576K
GC Heap History (20 events):
Event: 20.605 GC heap before
{Heap before GC invocations=12 (full 2):
 PSYoungGen      total 25600K, used 23040K [0x00000000eab00000, 0x00000000ec880000, 0x0000000100000000)
  eden space 23040K, 100% used [0x00000000eab00000,0x00000000ec180000,0x00000000ec180000)
  from space 2560K, 0% used [0x00000000ec180000,0x00000000ec180000,0x00000000ec400000)
  to   space 3072K, 0% used [0x00000000ec580000,0x00000000ec580000,0x00000000ec880000)
 ParOldGen       total 68608K, used 12126K [0x00000000c0000000, 0x00000000c4300000, 0x00000000eab00000)
  object space 68608K, 17% used [0x00000000c0000000,0x00000000c0bd7950,0x00000000c4300000)
 Metaspace       used 37462K, committed 38272K, reserved 1089536K
  class space    used 3979K, committed 4352K, reserved 1048576K
}
Event: 20.615 GC heap after
{Heap after GC invocations=12 (full 2):
 PSYoungGen      total 23552K, used 928K [0x00000000eab00000, 0x00000000ec680000, 0x0000000100000000)
  eden space 22528K, 0% used [0x00000000eab00000,0x00000000eab00000,0x00000000ec100000)
  from space 1024K, 90% used [0x00000000ec580000,0x00000000ec668000,0x00000000ec680000)
  to   space 1536K, 0% used [0x00000000ec380000,0x00000000ec380000,0x00000000ec500000)
 ParOldGen       total 68608K, used 12134K [0x00000000c0000000, 0x00000000c4300000, 0x00000000eab00000)
  object space 68608K, 17% used [0x00000000c0000000,0x00000000c0bd9950,0x00000000c4300000)
 Metaspace       used 37462K, committed 38272K, reserved 1089536K
  class space    used 3979K, committed 4352K, reserved 1048576K
}
Event: 22.361 GC heap before
{Heap before GC invocations=13 (full 2):
 PSYoungGen      total 23552K, used 23456K [0x00000000eab00000, 0x00000000ec680000, 0x0000000100000000)
  eden space 22528K, 100% used [0x00000000eab00000,0x00000000ec100000,0x00000000ec100000)
  from space 1024K, 90% used [0x00000000ec580000,0x00000000ec668000,0x00000000ec680000)
  to   space 1536K, 0% used [0x00000000ec380000,0x00000000ec380000,0x00000000ec500000)
 ParOldGen       total 68608K, used 12134K [0x00000000c0000000, 0x00000000c4300000, 0x00000000eab00000)
  object space 68608K, 17% used [0x00000000c0000000,0x00000000c0bd9950,0x00000000c4300000)
 Metaspace       used 40154K, committed 40960K, reserved 1089536K
  class space    used 4316K, committed 4672K, reserved 1048576K
}
Event: 22.399 GC heap after
{Heap after GC invocations=13 (full 2):
 PSYoungGen      total 23040K, used 960K [0x00000000eab00000, 0x00000000ec600000, 0x0000000100000000)
  eden space 22016K, 0% used [0x00000000eab00000,0x00000000eab00000,0x00000000ec080000)
  from space 1024K, 93% used [0x00000000ec380000,0x00000000ec470000,0x00000000ec480000)
  to   space 1536K, 0% used [0x00000000ec480000,0x00000000ec480000,0x00000000ec600000)
 ParOldGen       total 68608K, used 12940K [0x00000000c0000000, 0x00000000c4300000, 0x00000000eab00000)
  object space 68608K, 18% used [0x00000000c0000000,0x00000000c0ca31c8,0x00000000c4300000)
 Metaspace       used 40154K, committed 40960K, reserved 1089536K
  class space    used 4316K, committed 4672K, reserved 1048576K
}
Event: 23.483 GC heap before
{Heap before GC invocations=14 (full 2):
 PSYoungGen      total 23040K, used 22976K [0x00000000eab00000, 0x00000000ec600000, 0x0000000100000000)
  eden space 22016K, 100% used [0x00000000eab00000,0x00000000ec080000,0x00000000ec080000)
  from space 1024K, 93% used [0x00000000ec380000,0x00000000ec470000,0x00000000ec480000)
  to   space 1536K, 0% used [0x00000000ec480000,0x00000000ec480000,0x00000000ec600000)
 ParOldGen       total 68608K, used 12940K [0x00000000c0000000, 0x00000000c4300000, 0x00000000eab00000)
  object space 68608K, 18% used [0x00000000c0000000,0x00000000c0ca31c8,0x00000000c4300000)
 Metaspace       used 43094K, committed 43968K, reserved 1089536K
  class space    used 4714K, committed 5056K, reserved 1048576K
}
Event: 23.503 GC heap after
{Heap after GC invocations=14 (full 2):
 PSYoungGen      total 23552K, used 1527K [0x00000000eab00000, 0x00000000ec680000, 0x0000000100000000)
  eden space 22016K, 0% used [0x00000000eab00000,0x00000000eab00000,0x00000000ec080000)
  from space 1536K, 99% used [0x00000000ec480000,0x00000000ec5fdca8,0x00000000ec600000)
  to   space 3072K, 0% used [0x00000000ec080000,0x00000000ec080000,0x00000000ec380000)
 ParOldGen       total 68608K, used 13968K [0x00000000c0000000, 0x00000000c4300000, 0x00000000eab00000)
  object space 68608K, 20% used [0x00000000c0000000,0x00000000c0da4278,0x00000000c4300000)
 Metaspace       used 43094K, committed 43968K, reserved 1089536K
  class space    used 4714K, committed 5056K, reserved 1048576K
}
Event: 24.634 GC heap before
{Heap before GC invocations=15 (full 2):
 PSYoungGen      total 23552K, used 23543K [0x00000000eab00000, 0x00000000ec680000, 0x0000000100000000)
  eden space 22016K, 100% used [0x00000000eab00000,0x00000000ec080000,0x00000000ec080000)
  from space 1536K, 99% used [0x00000000ec480000,0x00000000ec5fdca8,0x00000000ec600000)
  to   space 3072K, 0% used [0x00000000ec080000,0x00000000ec080000,0x00000000ec380000)
 ParOldGen       total 68608K, used 13968K [0x00000000c0000000, 0x00000000c4300000, 0x00000000eab00000)
  object space 68608K, 20% used [0x00000000c0000000,0x00000000c0da4278,0x00000000c4300000)
 Metaspace       used 46222K, committed 47104K, reserved 1097728K
  class space    used 5066K, committed 5440K, reserved 1048576K
}
Event: 24.686 GC heap after
{Heap after GC invocations=15 (full 2):
 PSYoungGen      total 24064K, used 1886K [0x00000000eab00000, 0x00000000ec580000, 0x0000000100000000)
  eden space 22016K, 0% used [0x00000000eab00000,0x00000000eab00000,0x00000000ec080000)
  from space 2048K, 92% used [0x00000000ec080000,0x00000000ec257990,0x00000000ec280000)
  to   space 2560K, 0% used [0x00000000ec300000,0x00000000ec300000,0x00000000ec580000)
 ParOldGen       total 68608K, used 15522K [0x00000000c0000000, 0x00000000c4300000, 0x00000000eab00000)
  object space 68608K, 22% used [0x00000000c0000000,0x00000000c0f28968,0x00000000c4300000)
 Metaspace       used 46222K, committed 47104K, reserved 1097728K
  class space    used 5066K, committed 5440K, reserved 1048576K
}
Event: 28.777 GC heap before
{Heap before GC invocations=16 (full 2):
 PSYoungGen      total 24064K, used 23902K [0x00000000eab00000, 0x00000000ec580000, 0x0000000100000000)
  eden space 22016K, 100% used [0x00000000eab00000,0x00000000ec080000,0x00000000ec080000)
  from space 2048K, 92% used [0x00000000ec080000,0x00000000ec257990,0x00000000ec280000)
  to   space 2560K, 0% used [0x00000000ec300000,0x00000000ec300000,0x00000000ec580000)
 ParOldGen       total 68608K, used 15522K [0x00000000c0000000, 0x00000000c4300000, 0x00000000eab00000)
  object space 68608K, 22% used [0x00000000c0000000,0x00000000c0f28968,0x00000000c4300000)
 Metaspace       used 49060K, committed 49984K, reserved 1097728K
  class space    used 5454K, committed 5888K, reserved 1048576K
}
Event: 28.800 GC heap after
{Heap after GC invocations=16 (full 2):
 PSYoungGen      total 20992K, used 2545K [0x00000000eab00000, 0x00000000ecc80000, 0x0000000100000000)
  eden space 18432K, 0% used [0x00000000eab00000,0x00000000eab00000,0x00000000ebd00000)
  from space 2560K, 99% used [0x00000000ec300000,0x00000000ec57c7d8,0x00000000ec580000)
  to   space 6144K, 0% used [0x00000000ebd00000,0x00000000ebd00000,0x00000000ec300000)
 ParOldGen       total 68608K, used 18332K [0x00000000c0000000, 0x00000000c4300000, 0x00000000eab00000)
  object space 68608K, 26% used [0x00000000c0000000,0x00000000c11e73e0,0x00000000c4300000)
 Metaspace       used 49060K, committed 49984K, reserved 1097728K
  class space    used 5454K, committed 5888K, reserved 1048576K
}
Event: 29.546 GC heap before
{Heap before GC invocations=17 (full 2):
 PSYoungGen      total 20992K, used 20977K [0x00000000eab00000, 0x00000000ecc80000, 0x0000000100000000)
  eden space 18432K, 100% used [0x00000000eab00000,0x00000000ebd00000,0x00000000ebd00000)
  from space 2560K, 99% used [0x00000000ec300000,0x00000000ec57c7d8,0x00000000ec580000)
  to   space 6144K, 0% used [0x00000000ebd00000,0x00000000ebd00000,0x00000000ec300000)
 ParOldGen       total 68608K, used 18332K [0x00000000c0000000, 0x00000000c4300000, 0x00000000eab00000)
  object space 68608K, 26% used [0x00000000c0000000,0x00000000c11e73e0,0x00000000c4300000)
 Metaspace       used 49438K, committed 50304K, reserved 1097728K
  class space    used 5500K, committed 5952K, reserved 1048576K
}
Event: 29.567 GC heap after
{Heap after GC invocations=17 (full 2):
 PSYoungGen      total 21504K, used 2656K [0x00000000eab00000, 0x00000000ec500000, 0x0000000100000000)
  eden space 18432K, 0% used [0x00000000eab00000,0x00000000eab00000,0x00000000ebd00000)
  from space 3072K, 86% used [0x00000000ebd00000,0x00000000ebf98000,0x00000000ec000000)
  to   space 4096K, 0% used [0x00000000ec100000,0x00000000ec100000,0x00000000ec500000)
 ParOldGen       total 68608K, used 18780K [0x00000000c0000000, 0x00000000c4300000, 0x00000000eab00000)
  object space 68608K, 27% used [0x00000000c0000000,0x00000000c12573f0,0x00000000c4300000)
 Metaspace       used 49438K, committed 50304K, reserved 1097728K
  class space    used 5500K, committed 5952K, reserved 1048576K
}
Event: 32.259 GC heap before
{Heap before GC invocations=18 (full 2):
 PSYoungGen      total 21504K, used 21060K [0x00000000eab00000, 0x00000000ec500000, 0x0000000100000000)
  eden space 18432K, 99% used [0x00000000eab00000,0x00000000ebcf9180,0x00000000ebd00000)
  from space 3072K, 86% used [0x00000000ebd00000,0x00000000ebf98000,0x00000000ec000000)
  to   space 4096K, 0% used [0x00000000ec100000,0x00000000ec100000,0x00000000ec500000)
 ParOldGen       total 68608K, used 18780K [0x00000000c0000000, 0x00000000c4300000, 0x00000000eab00000)
  object space 68608K, 27% used [0x00000000c0000000,0x00000000c12573f0,0x00000000c4300000)
 Metaspace       used 51405K, committed 52352K, reserved 1097728K
  class space    used 5693K, committed 6144K, reserved 1048576K
}
Event: 32.273 GC heap after
{Heap after GC invocations=18 (full 2):
 PSYoungGen      total 20480K, used 1593K [0x00000000eab00000, 0x00000000ec300000, 0x0000000100000000)
  eden space 18432K, 0% used [0x00000000eab00000,0x00000000eab00000,0x00000000ebd00000)
  from space 2048K, 77% used [0x00000000ec100000,0x00000000ec28e470,0x00000000ec300000)
  to   space 2560K, 0% used [0x00000000ebe00000,0x00000000ebe00000,0x00000000ec080000)
 ParOldGen       total 68608K, used 21371K [0x00000000c0000000, 0x00000000c4300000, 0x00000000eab00000)
  object space 68608K, 31% used [0x00000000c0000000,0x00000000c14ded00,0x00000000c4300000)
 Metaspace       used 51405K, committed 52352K, reserved 1097728K
  class space    used 5693K, committed 6144K, reserved 1048576K
}
Event: 33.123 GC heap before
{Heap before GC invocations=19 (full 2):
 PSYoungGen      total 20480K, used 20025K [0x00000000eab00000, 0x00000000ec300000, 0x0000000100000000)
  eden space 18432K, 100% used [0x00000000eab00000,0x00000000ebd00000,0x00000000ebd00000)
  from space 2048K, 77% used [0x00000000ec100000,0x00000000ec28e470,0x00000000ec300000)
  to   space 2560K, 0% used [0x00000000ebe00000,0x00000000ebe00000,0x00000000ec080000)
 ParOldGen       total 68608K, used 21371K [0x00000000c0000000, 0x00000000c4300000, 0x00000000eab00000)
  object space 68608K, 31% used [0x00000000c0000000,0x00000000c14ded00,0x00000000c4300000)
 Metaspace       used 53796K, committed 54656K, reserved 1097728K
  class space    used 5941K, committed 6336K, reserved 1048576K
}
Event: 33.137 GC heap after
{Heap after GC invocations=19 (full 2):
 PSYoungGen      total 19968K, used 1174K [0x00000000eab00000, 0x00000000ec180000, 0x0000000100000000)
  eden space 18432K, 0% used [0x00000000eab00000,0x00000000eab00000,0x00000000ebd00000)
  from space 1536K, 76% used [0x00000000ebe00000,0x00000000ebf25a20,0x00000000ebf80000)
  to   space 1536K, 0% used [0x00000000ec000000,0x00000000ec000000,0x00000000ec180000)
 ParOldGen       total 68608K, used 22799K [0x00000000c0000000, 0x00000000c4300000, 0x00000000eab00000)
  object space 68608K, 33% used [0x00000000c0000000,0x00000000c1643f88,0x00000000c4300000)
 Metaspace       used 53796K, committed 54656K, reserved 1097728K
  class space    used 5941K, committed 6336K, reserved 1048576K
}
Event: 33.866 GC heap before
{Heap before GC invocations=20 (full 2):
 PSYoungGen      total 19968K, used 19599K [0x00000000eab00000, 0x00000000ec180000, 0x0000000100000000)
  eden space 18432K, 99% used [0x00000000eab00000,0x00000000ebcfe330,0x00000000ebd00000)
  from space 1536K, 76% used [0x00000000ebe00000,0x00000000ebf25a20,0x00000000ebf80000)
  to   space 1536K, 0% used [0x00000000ec000000,0x00000000ec000000,0x00000000ec180000)
 ParOldGen       total 68608K, used 22799K [0x00000000c0000000, 0x00000000c4300000, 0x00000000eab00000)
  object space 68608K, 33% used [0x00000000c0000000,0x00000000c1643f88,0x00000000c4300000)
 Metaspace       used 54482K, committed 55488K, reserved 1105920K
  class space    used 6005K, committed 6464K, reserved 1048576K
}
Event: 33.874 GC heap after
{Heap after GC invocations=20 (full 2):
 PSYoungGen      total 19968K, used 1516K [0x00000000eab00000, 0x00000000ec300000, 0x0000000100000000)
  eden space 18432K, 0% used [0x00000000eab00000,0x00000000eab00000,0x00000000ebd00000)
  from space 1536K, 98% used [0x00000000ec000000,0x00000000ec17b2f8,0x00000000ec180000)
  to   space 3072K, 0% used [0x00000000ebd00000,0x00000000ebd00000,0x00000000ec000000)
 ParOldGen       total 68608K, used 23749K [0x00000000c0000000, 0x00000000c4300000, 0x00000000eab00000)
  object space 68608K, 34% used [0x00000000c0000000,0x00000000c17317b0,0x00000000c4300000)
 Metaspace       used 54482K, committed 55488K, reserved 1105920K
  class space    used 6005K, committed 6464K, reserved 1048576K
}
Event: 34.811 GC heap before
{Heap before GC invocations=21 (full 2):
 PSYoungGen      total 19968K, used 19948K [0x00000000eab00000, 0x00000000ec300000, 0x0000000100000000)
  eden space 18432K, 100% used [0x00000000eab00000,0x00000000ebd00000,0x00000000ebd00000)
  from space 1536K, 98% used [0x00000000ec000000,0x00000000ec17b2f8,0x00000000ec180000)
  to   space 3072K, 0% used [0x00000000ebd00000,0x00000000ebd00000,0x00000000ec000000)
 ParOldGen       total 68608K, used 23749K [0x00000000c0000000, 0x00000000c4300000, 0x00000000eab00000)
  object space 68608K, 34% used [0x00000000c0000000,0x00000000c17317b0,0x00000000c4300000)
 Metaspace       used 54743K, committed 55680K, reserved 1105920K
  class space    used 6019K, committed 6464K, reserved 1048576K
}
Event: 34.819 GC heap after
{Heap after GC invocations=21 (full 2):
 PSYoungGen      total 19968K, used 1392K [0x00000000eab00000, 0x00000000ec100000, 0x0000000100000000)
  eden space 18432K, 0% used [0x00000000eab00000,0x00000000eab00000,0x00000000ebd00000)
  from space 1536K, 90% used [0x00000000ebd00000,0x00000000ebe5c010,0x00000000ebe80000)
  to   space 2048K, 0% used [0x00000000ebf00000,0x00000000ebf00000,0x00000000ec100000)
 ParOldGen       total 68608K, used 25157K [0x00000000c0000000, 0x00000000c4300000, 0x00000000eab00000)
  object space 68608K, 36% used [0x00000000c0000000,0x00000000c18917b0,0x00000000c4300000)
 Metaspace       used 54743K, committed 55680K, reserved 1105920K
  class space    used 6019K, committed 6464K, reserved 1048576K
}

